<?xml version="1.0" encoding="UTF-8"?>
<!-- Generated by org.testng.reporters.JUnitXMLReporter -->
<testsuite ignored="0" hostname="Achints-MacBook-Pro.local" failures="0" tests="1" name="Default test" time="0.009" errors="0" timestamp="14 Aug 2023 12:17:10 GMT">
  <testcase classname="com.experitest.auto.AIATEST" name="@BeforeTest setUp" time="0.0">
    <failure type="java.lang.Error" message="Unresolved compilation problems: 
	The constructor IOSDriver(URL) is undefined
	The constructor URL() is undefined
	Syntax error, insert &amp;quot;)&amp;quot; to complete ClassInstanceCreationExpression
	Syntax error, insert &amp;quot;)&amp;quot; to complete ClassInstanceCreationExpression
	Syntax error, insert &amp;quot;;&amp;quot; to complete Statement
">
      <![CDATA[java.lang.Error: Unresolved compilation problems: 
	The constructor IOSDriver(URL) is undefined
	The constructor URL() is undefined
	Syntax error, insert ")" to complete ClassInstanceCreationExpression
	Syntax error, insert ")" to complete ClassInstanceCreationExpression
	Syntax error, insert ";" to complete Statement

	at com.experitest.auto.AIATEST.setUp(AIATEST.java:27)
	at java.base/jdk.internal.reflect.NativeMethodAccessorImpl.invoke0(Native Method)
	at java.base/jdk.internal.reflect.NativeMethodAccessorImpl.invoke(NativeMethodAccessorImpl.java:77)
	at java.base/jdk.internal.reflect.DelegatingMethodAccessorImpl.invoke(DelegatingMethodAccessorImpl.java:43)
	at java.base/java.lang.reflect.Method.invoke(Method.java:568)
	at org.testng.internal.MethodInvocationHelper.invokeMethod(MethodInvocationHelper.java:104)
	at org.testng.internal.Invoker.invokeConfigurationMethod(Invoker.java:515)
	at org.testng.internal.Invoker.invokeConfigurations(Invoker.java:217)
	at org.testng.internal.Invoker.invokeConfigurations(Invoker.java:144)
	at org.testng.TestRunner.beforeRun(TestRunner.java:634)
	at org.testng.TestRunner.run(TestRunner.java:602)
	at org.testng.SuiteRunner.runTest(SuiteRunner.java:387)
	at org.testng.SuiteRunner.runSequentially(SuiteRunner.java:382)
	at org.testng.SuiteRunner.privateRun(SuiteRunner.java:340)
	at org.testng.SuiteRunner.run(SuiteRunner.java:289)
	at org.testng.SuiteRunnerWorker.runSuite(SuiteRunnerWorker.java:52)
	at org.testng.SuiteRunnerWorker.run(SuiteRunnerWorker.java:86)
	at org.testng.TestNG.runSuitesSequentially(TestNG.java:1293)
	at org.testng.TestNG.runSuitesLocally(TestNG.java:1218)
	at org.testng.TestNG.runSuites(TestNG.java:1133)
	at org.testng.TestNG.run(TestNG.java:1104)
	at org.testng.remote.AbstractRemoteTestNG.run(AbstractRemoteTestNG.java:115)
	at org.testng.remote.RemoteTestNG.initAndRun(RemoteTestNG.java:251)
	at org.testng.remote.RemoteTestNG.main(RemoteTestNG.java:77)
]]>
    </failure>
  </testcase> <!-- @BeforeTest setUp -->
  <testcase classname="com.experitest.auto.AIATEST" name="@AfterTest tearDown" time="0.0">
    <skipped/>
  </testcase> <!-- @AfterTest tearDown -->
  <testcase classname="com.experitest.auto.AIATEST" name="generatedMethod" time="0.0">
    <skipped/>
  </testcase> <!-- generatedMethod -->
</testsuite> <!-- Default test -->
